[2026-04-27T14:15:10.311Z] info: GET / 200 12 - 4.496 ms
[2026-04-27T14:31:54.918Z] info: GET / 200 12 - 3.944 ms
[2026-04-27T14:41:11.581Z] info: GET /api/v1/users/create 404 158 - 78.269 ms
[2026-04-27T14:41:56.741Z] info: GET / 200 12 - 52.196 ms
[2026-04-27T14:42:36.513Z] info: GET /api/v1/users 404 151 - 2.186 ms
[2026-04-27T14:42:44.272Z] info: GET /api/v1/users/create 404 158 - 1.686 ms
[2026-04-27T14:42:55.312Z] info: GET /api/v1/users/create 404 158 - 51.155 ms
[2026-04-27T14:43:55.325Z] info: POST /api/v1/users/create 201 248 - 751.652 ms
[2026-04-27T14:45:01.099Z] info: POST /api/v1/auth/login 500 41 - 50.006 ms
[2026-04-27T14:45:30.635Z] info: POST /api/v1/auth/login 500 41 - 25.953 ms
[2026-04-27T14:45:52.602Z] info: POST /api/v1/auth/login 500 41 - 382.600 ms
[2026-04-27T14:46:34.065Z] info: POST /api/v1/auth/login 500 41 - 385.889 ms
[2026-04-27T14:47:34.773Z] info: POST /api/v1/auth/login 500 41 - 378.146 ms
[2026-04-27T14:47:53.288Z] info: POST /api/v1/auth/login 500 41 - 288.509 ms
[2026-04-27T14:48:04.055Z] info: POST /api/v1/auth/login 200 245 - 657.859 ms
[2026-04-27T14:48:48.076Z] info: POST /api/v1/users/all 404 156 - 4.301 ms
[2026-04-27T14:49:09.603Z] info: GET /api/v1/users/all 200 250 - 32.307 ms
[2026-04-27T14:49:58.961Z] info: GET /api/v1/users/find/15e626a1-c0b7-40e1-ba77-d565d768bcf6 404 66 - 20.128 ms
[2026-04-27T14:50:47.025Z] info: GET /api/v1/users/find/id/15e626a1-c0b7-40e1-ba77-d565d768bcf6 200 248 - 465.587 ms
[2026-04-27T14:51:20.769Z] info: GET /api/v1/users/find/email/email.example@teste.com 200 248 - 32.278 ms
[2026-04-27T14:52:22.624Z] info: PUT /api/v1/users/update/15e626a1-c0b7-40e1-ba77-d565d768bcf6 404 195 - 24.033 ms
[2026-04-27T14:52:35.571Z] info: PUT /api/v1/users/update/15e626a1-c0b7-40e1-ba77-d565d768bcf6 403 34 - 34.278 ms
[2026-04-27T14:52:45.657Z] info: PUT /api/v1/users/update/15e626a1-c0b7-40e1-ba77-d565d768bcf6 200 258 - 602.407 ms
[2026-04-27T14:53:19.194Z] info: DELETE /api/v1/users/update/15e626a1-c0b7-40e1-ba77-d565d768bcf6 404 198 - 2.410 ms
[2026-04-27T14:53:28.304Z] info: DELETE /api/v1/users/delete/15e626a1-c0b7-40e1-ba77-d565d768bcf6 204 - - 27.955 ms
[2026-04-27T14:53:37.042Z] info: GET /api/v1/users/all 404 68 - 8.940 ms
[2026-04-27T18:35:55.359Z] info: POST /api/v1/auth/login 401 67 - 354.869 ms
[2026-04-27T18:36:05.311Z] info: POST /api/v1/users/create 201 248 - 204.811 ms
[2026-04-27T18:36:14.581Z] info: POST /api/v1/auth/login 200 245 - 147.801 ms
[2026-04-27T18:37:25.785Z] info: POST /api/v2/categories/create 201 164 - 20.745 ms
[2026-04-27T18:37:32.118Z] info: POST /api/v2/categories/create 409 36 - 67.639 ms
[2026-04-27T18:38:00.325Z] info: POST /api/v2/categories/create 201 205 - 27.324 ms
[2026-04-27T18:38:19.261Z] info: GET /api/v2/categories/all 200 372 - 19.597 ms
[2026-04-27T18:38:31.822Z] info: GET /api/v2/categories/find/id/d59e341c-2f37-48c8-9d80-b124180220b8 200 205 - 16.352 ms
[2026-04-27T18:38:37.330Z] info: GET /api/v2/categories/expenses/d59e341c-2f37-48c8-9d80-b124180220b8 404 69 - 17.204 ms
[2026-04-27T18:39:04.557Z] info: PUT /api/v2/categories/update/7c40f160-70bb-4d51-8ec4-2b46140cdd4f 201 177 - 24.637 ms
[2026-04-27T18:39:17.098Z] info: DELETE /api/v2/categories/delete/d59e341c-2f37-48c8-9d80-b124180220b8 204 - - 23.628 ms
[2026-04-27T18:39:21.838Z] info: GET /api/v2/categories/all 200 179 - 2.411 ms
